#
# There is insufficient memory for the Java Runtime Environment to continue.
# Native memory allocation (malloc) failed to allocate 1048576 bytes for AllocateHeap
# Possible reasons:
#   The system is out of physical RAM or swap space
#   In 32 bit mode, the process size limit was hit
# Possible solutions:
#   Reduce memory load on the system
#   Increase physical memory or swap space
#   Check if swap backing store is full
#   Use 64 bit Java on a 64 bit OS
#   Decrease Java heap size (-Xmx/-Xms)
#   Decrease number of Java threads
#   Decrease Java thread stack sizes (-Xss)
#   Set larger code cache with -XX:ReservedCodeCacheSize=
# This output file may be truncated or incomplete.
#
#  Out of Memory Error (memory/allocation.inline.hpp:62), pid=9508, tid=2088
#
# JRE version:  (8.0_05-b13) (build )
# Java VM: Java HotSpot(TM) 64-Bit Server VM (25.5-b02 mixed mode windows-amd64 compressed oops)
# Failed to write core dump. Minidumps are not enabled by default on client versions of Windows
#

---------------  T H R E A D  ---------------

Current thread (0x0000000002ef2800):  JavaThread "Unknown thread" [_thread_in_vm, id=2088, stack(0x0000000002b50000,0x0000000002c50000)]

Stack: [0x0000000002b50000,0x0000000002c50000]
Native frames: (J=compiled Java code, j=interpreted, Vv=VM code, C=native code)
V  [jvm.dll+0x308dea]
V  [jvm.dll+0x25def1]
V  [jvm.dll+0x25eb0f]
V  [jvm.dll+0x2564e5]
V  [jvm.dll+0x25553f]
V  [jvm.dll+0x3c732c]
V  [jvm.dll+0x3c29f7]
V  [jvm.dll+0xe2142]
V  [jvm.dll+0x1f1419]
V  [jvm.dll+0x2227c4]
V  [jvm.dll+0x149f71]
C  [java.exe+0x207a]
C  [java.exe+0xc99b]
C  [java.exe+0xca2f]
C  [KERNEL32.DLL+0x18102]
C  [ntdll.dll+0x5c5b4]


---------------  P R O C E S S  ---------------

Java Threads: ( => current thread )

Other Threads:

=>0x0000000002ef2800 (exited) JavaThread "Unknown thread" [_thread_in_vm, id=2088, stack(0x0000000002b50000,0x0000000002c50000)]

VM state:not at safepoint (normal execution)

VM Mutex/Monitor currently owned by a thread: None

Heap:
 PSYoungGen      total 1024K, used 20K [0x00000000d6e00000, 0x00000000d6f80000, 0x0000000100000000)
  eden space 512K, 4% used [0x00000000d6e00000,0x00000000d6e05288,0x00000000d6e80000)
  from space 512K, 0% used [0x00000000d6f00000,0x00000000d6f00000,0x00000000d6f80000)
  to   space 512K, 0% used [0x00000000d6e80000,0x00000000d6e80000,0x00000000d6f00000)
 ParOldGen       total 125440K, used 0K [0x0000000084a00000, 0x000000008c480000, 0x00000000d6e00000)
  object space 125440K, 0% used [0x0000000084a00000,0x0000000084a00000,0x000000008c480000)
 Metaspace       used 673K, capacity 4480K, committed 4480K, reserved 1056768K
  class space    used 66K, capacity 384K, committed 384K, reserved 1048576K

Card table byte_map: [0x00000000033b0000,0x0000000003790000] byte_map_base: 0x0000000002f8b000

Marking Bits: (ParMarkBitMap*) 0x00000000567e13b0
 Begin Bits: [0x0000000003e30000, 0x0000000005d08000)
 End Bits:   [0x0000000005d08000, 0x0000000007be0000)

Polling page: 0x0000000001360000

CodeCache: size=245760Kb used=327Kb max_used=327Kb free=245432Kb
 bounds [0x000000000f010000, 0x000000000f280000, 0x000000001e010000]
 total_blobs=56 nmethods=0 adapters=37
 compilation: enabled

Compilation events (0 events):
No events

GC Heap History (0 events):
No events

Deoptimization events (0 events):
No events

Internal exceptions (0 events):
No events

Events (10 events):
Event: 0.035 loading class java/lang/Short
Event: 0.035 loading class java/lang/Short done
Event: 0.035 loading class java/lang/Integer
Event: 0.035 loading class java/lang/Integer done
Event: 0.035 loading class java/lang/Long
Event: 0.035 loading class java/lang/Long done
Event: 0.036 loading class java/lang/NullPointerException
Event: 0.036 loading class java/lang/NullPointerException done
Event: 0.036 loading class java/lang/ArithmeticException
Event: 0.037 loading class java/lang/ArithmeticException done


Dynamic libraries:
0x00007ff6398c0000 - 0x00007ff6398f4000 	C:\Program Files\Java\jdk1.8.0_05\bin\java.exe
0x00007ffb9db10000 - 0x00007ffb9dcd1000 	C:\WINDOWS\SYSTEM32\ntdll.dll
0x00007ffb9b200000 - 0x00007ffb9b2ad000 	C:\WINDOWS\system32\KERNEL32.DLL
0x00007ffb9ac70000 - 0x00007ffb9ae58000 	C:\WINDOWS\system32\KERNELBASE.dll
0x00007ffb9cca0000 - 0x00007ffb9cd47000 	C:\WINDOWS\system32\ADVAPI32.dll
0x00007ffb9c850000 - 0x00007ffb9c8ed000 	C:\WINDOWS\system32\msvcrt.dll
0x00007ffb9d670000 - 0x00007ffb9d6cb000 	C:\WINDOWS\system32\sechost.dll
0x00007ffb9d9f0000 - 0x00007ffb9db0c000 	C:\WINDOWS\system32\RPCRT4.dll
0x00007ffb9cd50000 - 0x00007ffb9cea6000 	C:\WINDOWS\system32\USER32.dll
0x00007ffb9c950000 - 0x00007ffb9cad6000 	C:\WINDOWS\system32\GDI32.dll
0x00007ffb95200000 - 0x00007ffb95474000 	C:\WINDOWS\WinSxS\amd64_microsoft.windows.common-controls_6595b64144ccf1df_6.0.10586.672_none_a2d6b3cea53ff843\COMCTL32.dll
0x00007ffb9af10000 - 0x00007ffb9b18d000 	C:\WINDOWS\system32\combase.dll
0x00007ffb9a280000 - 0x00007ffb9a2ea000 	C:\WINDOWS\system32\bcryptPrimitives.dll
0x00007ffb9c810000 - 0x00007ffb9c84b000 	C:\WINDOWS\system32\IMM32.DLL
0x00007ffb9a020000 - 0x00007ffb9a051000 	C:\Windows\system32\nvinitx.dll
0x00007ffb9a010000 - 0x00007ffb9a01a000 	C:\WINDOWS\SYSTEM32\VERSION.dll
0x000000000f000000 - 0x000000000f006000 	C:\Program Files\NVIDIA Corporation\CoProcManager\_etoured.dll
0x00007ffb98770000 - 0x00007ffb987a2000 	C:\Program Files\NVIDIA Corporation\CoProcManager\nvd3d9wrapx.dll
0x00007ffb9d240000 - 0x00007ffb9d669000 	C:\WINDOWS\system32\SETUPAPI.dll
0x00007ffb9ab70000 - 0x00007ffb9abb3000 	C:\WINDOWS\system32\CFGMGR32.dll
0x00007ffb968a0000 - 0x00007ffb968c2000 	C:\Program Files\NVIDIA Corporation\CoProcManager\nvdxgiwrapx.dll
0x0000000056860000 - 0x0000000056932000 	C:\Program Files\Java\jdk1.8.0_05\jre\bin\msvcr100.dll
0x0000000056030000 - 0x000000005685a000 	C:\Program Files\Java\jdk1.8.0_05\jre\bin\server\jvm.dll
0x00007ffb9cfd0000 - 0x00007ffb9cfd8000 	C:\WINDOWS\system32\PSAPI.DLL
0x00007ffb8e0d0000 - 0x00007ffb8e0d9000 	C:\WINDOWS\SYSTEM32\WSOCK32.dll
0x00007ffb9d090000 - 0x00007ffb9d0fb000 	C:\WINDOWS\system32\WS2_32.dll
0x00007ffb984e0000 - 0x00007ffb98503000 	C:\WINDOWS\SYSTEM32\WINMM.dll
0x00007ffb983c0000 - 0x00007ffb983ec000 	C:\WINDOWS\SYSTEM32\WINMMBASE.dll
0x0000000056f00000 - 0x0000000056f0f000 	C:\Program Files\Java\jdk1.8.0_05\jre\bin\verify.dll
0x0000000056000000 - 0x0000000056028000 	C:\Program Files\Java\jdk1.8.0_05\jre\bin\java.dll
0x0000000055fe0000 - 0x0000000055ff6000 	C:\Program Files\Java\jdk1.8.0_05\jre\bin\zip.dll
0x00007ffb6b000000 - 0x00007ffb6b18c000 	C:\WINDOWS\SYSTEM32\dbghelp.dll

VM Arguments:
jvm_args: -ea -Didea.launcher.port=7537 -Didea.launcher.bin.path=C:\Program Files (x86)\JetBrains\IntelliJ IDEA Community Edition 2016.3.1\bin -Dfile.encoding=UTF-8 
java_command: com.intellij.rt.execution.application.AppMain com.intellij.rt.execution.junit.JUnitStarter -ideVersion5 PrositeTest,shouldFindThreeRepetitionSequences
java_class_path (initial): C:\Program Files (x86)\JetBrains\IntelliJ IDEA Community Edition 2016.3.1\lib\idea_rt.jar;C:\Program Files (x86)\JetBrains\IntelliJ IDEA Community Edition 2016.3.1\plugins\junit\lib\junit-rt.jar;C:\Program Files\Java\jdk1.8.0_05\jre\lib\charsets.jar;C:\Program Files\Java\jdk1.8.0_05\jre\lib\deploy.jar;C:\Program Files\Java\jdk1.8.0_05\jre\lib\ext\access-bridge-64.jar;C:\Program Files\Java\jdk1.8.0_05\jre\lib\ext\cldrdata.jar;C:\Program Files\Java\jdk1.8.0_05\jre\lib\ext\dnsns.jar;C:\Program Files\Java\jdk1.8.0_05\jre\lib\ext\jaccess.jar;C:\Program Files\Java\jdk1.8.0_05\jre\lib\ext\jfxrt.jar;C:\Program Files\Java\jdk1.8.0_05\jre\lib\ext\localedata.jar;C:\Program Files\Java\jdk1.8.0_05\jre\lib\ext\nashorn.jar;C:\Program Files\Java\jdk1.8.0_05\jre\lib\ext\sunec.jar;C:\Program Files\Java\jdk1.8.0_05\jre\lib\ext\sunjce_provider.jar;C:\Program Files\Java\jdk1.8.0_05\jre\lib\ext\sunmscapi.jar;C:\Program Files\Java\jdk1.8.0_05\jre\lib\ext\sunpkcs11.jar;C:\Program Files\Java\jdk1.8.0_05\jre\lib\ext\zipfs.jar;C:\Program Files\Java\jdk1.8.0_05\jre\lib\javaws.jar;C:\Program Files\Java\jdk1.8.0_05\jre\lib\jce.jar;C:\Program Files\Java\jdk1.8.0_05\jre\lib\jfr.jar;C:\Program Files\Java\jdk1.8.0_05\jre\lib\jfxswt.jar;C:\Program Files\Java\jdk1.8.0_05\jre\lib\jsse.jar;C:\Program Files\Java\jdk1.8.0_05\jre\lib\management-agent.jar;C:\Program Files\Java\jdk1.8.0_05\jre\lib\plugin.jar;C:\Program Files\Java\jdk1.8.0_05\jre\lib\resources.jar;C:\Program Files\Java\jdk1.8.0_05\jre\lib\rt.jar;C:\Users\magda_000\IdeaProjects\Prosite\target\test-classes;C:\Users\magda_000\IdeaProjects\Prosite\target\classes;C:\Users\magda_000\.m2\repository\junit\junit\4.12\junit-4.12.jar;C:\Users\magda_000\.m2\repository\org\hamcrest\hamcrest-core\1.3\hamcrest-core-1.3.jar;C:\Users\magda_000\.m2\repository\org\hamcrest\hamcrest-library\1.3\hamcrest-library-1.3.jar;C:\Users\magda_000\.m2\repository\eu\codearte\catch-exception\catch-exception\1.4.4\catch-exception-1.4.4.jar;C:\Use
Launcher Type: SUN_STANDARD

Environment Variables:
JAVA_HOME=C:\Program Files\Java\jdk1.8.0_05
PATH=C:\ProgramData\Oracle\Java\javapath;C:\Program Files (x86)\NVIDIA Corporation\PhysX\Common;C:\WINDOWS\system32;C:\WINDOWS;C:\WINDOWS\System32\Wbem;C:\WINDOWS\System32\WindowsPowerShell\v1.0\;C:\Program Files (x86)\SoftKinetic\DepthSenseSDK\bin;C:\Program Files\SoftKinetic\DepthSenseSDK\bin;C:\Program Files (x86)\Microsoft ASP.NET\ASP.NET Web Pages\v1.0\;C:\Program Files (x86)\Skype\Phone\;C:\Program Files\Git\cmd;C:\Program Files\TortoiseGit\bin;C:\Program Files\Microsoft SQL Server\Client SDK\ODBC\110\Tools\Binn\;C:\Program Files (x86)\Microsoft SQL Server\120\Tools\Binn\;C:\Program Files\Microsoft SQL Server\120\Tools\Binn\;C:\Program Files\Microsoft SQL Server\120\DTS\Binn\;C:\Program Files (x86)\Microsoft SQL Server\120\Tools\Binn\ManagementStudio\;C:\Program Files (x86)\Microsoft SQL Server\120\DTS\Binn\;C:\Program Files\nodejs\;C:\Program Files (x86)\Windows Kits\10\Windows Performance Toolkit\;C:\Program Files\Java\jdk1.8.0_05\bin;C:\Users\magda_000\AppData\Roaming\npm
USERNAME=magda_000
OS=Windows_NT
PROCESSOR_IDENTIFIER=Intel64 Family 6 Model 58 Stepping 9, GenuineIntel



---------------  S Y S T E M  ---------------

OS: Windows 8.1 , 64 bit Build 9600 

CPU:total 4 (2 cores per cpu, 2 threads per core) family 6 model 58 stepping 9, cmov, cx8, fxsr, mmx, sse, sse2, sse3, ssse3, sse4.1, sse4.2, popcnt, avx, clmul, erms, ht, tsc, tscinvbit

Memory: 4k page, physical 8082972k(2358252k free), swap 13368256k(2568k free)

vm_info: Java HotSpot(TM) 64-Bit Server VM (25.5-b02) for windows-amd64 JRE (1.8.0_05-b13), built on Mar 18 2014 01:08:39 by "java_re" with MS VC++ 10.0 (VS2010)

time: Sun Dec 18 17:04:59 2016
elapsed time: 0 seconds

